<?xml version="1.0" encoding="UTF-8"?>
<!-- Generated by org.testng.reporters.JUnitReportReporter -->
<testsuite hostname="PTL07706" name="testScripts.Oneway" tests="1" failures="0" timestamp="1 Aug 2019 11:09:19 GMT" time="7.027" errors="0">
  <testcase name="onepersoneway" time="7.027" classname="testScripts.Oneway"/>
</testsuite> <!-- testScripts.Oneway -->
