<?xml version="1.0" encoding="UTF-8"?>
<!-- Generated by org.testng.reporters.JUnitReportReporter -->
<testsuite hostname="PTL07706" name="testScripts.loginTest" tests="1" failures="0" timestamp="1 Aug 2019 11:09:19 GMT" time="98.852" errors="0">
  <testcase name="logintest" time="98.852" classname="testScripts.loginTest"/>
</testsuite> <!-- testScripts.loginTest -->
