<?xml version="1.0" encoding="UTF-8"?>
<!-- Generated by org.testng.reporters.JUnitReportReporter -->
<testsuite hostname="PTL07706" name="testScripts.loginTest" tests="1" failures="0" timestamp="4 Aug 2019 10:05:03 GMT" time="7.881" errors="0">
  <testcase name="logintest" time="7.881" classname="testScripts.loginTest"/>
</testsuite> <!-- testScripts.loginTest -->
