<?xml version="1.0" encoding="UTF-8"?>
<!-- Generated by org.testng.reporters.JUnitReportReporter -->
<testsuite hostname="PTL07706" name="testScripts.Twoway" tests="2" failures="0" timestamp="1 Aug 2019 11:09:19 GMT" time="13.004" errors="0">
  <testcase name="Twopersoneway" time="6.557" classname="testScripts.Twoway"/>
  <testcase name="Twopersontwoway" time="6.447" classname="testScripts.Twoway"/>
</testsuite> <!-- testScripts.Twoway -->
