<?xml version="1.0" encoding="UTF-8"?>
<!-- Generated by org.testng.reporters.JUnitReportReporter -->
<testsuite hostname="PTL07706" name="testScripts.login" tests="1" failures="0" timestamp="31 Jul 2019 08:12:17 GMT" time="27.590" errors="0">
  <testcase name="logintest" time="27.590" classname="testScripts.login"/>
</testsuite> <!-- testScripts.login -->
